app/build/outputs/logs/manifest-merger-debug-report.txt
-- Merging decision tree log ---
manifest
ADDED from src\main\AndroidManifest.xml:2:1-329:12
	xmlns:android
		ADDED from src\main\AndroidManifest.xml:2:11-69
	package
		ADDED from src\main\AndroidManifest.xml:3:5-37
		INJECTED from src\main\AndroidManifest.xml
		INJECTED from src\main\AndroidManifest.xml
	android:versionName
		ADDED from src\main\AndroidManifest.xml:5:5-32
	android:versionCode
		ADDED from src\main\AndroidManifest.xml:4:5-29
		INJECTED from src\main\AndroidManifest.xml
		INJECTED from src\main\AndroidManifest.xml
uses-sdk
ADDED from src\main\AndroidManifest.xml:7:5-9:41
MERGED from [com.android.support:support-v4:20.0.0] AndroidManifest.xml:16:5-42
MERGED from [com.android.support:cardview-v7:23.0.1] AndroidManifest.xml:20:5-43
	android:targetSdkVersion
		ADDED from src\main\AndroidManifest.xml:9:9-38
		INJECTED from src\main\AndroidManifest.xml
		INJECTED from src\main\AndroidManifest.xml
	android:minSdkVersion
		ADDED from src\main\AndroidManifest.xml:8:9-34
		INJECTED from src\main\AndroidManifest.xml
		INJECTED from src\main\AndroidManifest.xml
uses-permission#android.permission.VIBRATE
ADDED from src\main\AndroidManifest.xml:11:5-66
	android:name
		ADDED from src\main\AndroidManifest.xml:11:22-63
uses-permission#android.permission.INTERNET
ADDED from src\main\AndroidManifest.xml:12:5-67
	android:name
		ADDED from src\main\AndroidManifest.xml:12:22-64
uses-permission#android.permission.RECORD_AUDIO
ADDED from src\main\AndroidManifest.xml:13:5-71
	android:name
		ADDED from src\main\AndroidManifest.xml:13:22-68
uses-permission#android.permission.CAMERA
ADDED from src\main\AndroidManifest.xml:14:5-65
	android:name
		ADDED from src\main\AndroidManifest.xml:14:22-62
uses-permission#android.permission.ACCESS_NETWORK_STATE
ADDED from src\main\AndroidManifest.xml:15:5-79
	android:name
		ADDED from src\main\AndroidManifest.xml:15:22-76
uses-permission#android.permission.WRITE_EXTERNAL_STORAGE
ADDED from src\main\AndroidManifest.xml:16:5-81
	android:name
		ADDED from src\main\AndroidManifest.xml:16:22-78
uses-permission#android.permission.MOUNT_UNMOUNT_FILESYSTEMS
ADDED from src\main\AndroidManifest.xml:17:5-84
	android:name
		ADDED from src\main\AndroidManifest.xml:17:22-81
uses-permission#android.permission.ACCESS_FINE_LOCATION
ADDED from src\main\AndroidManifest.xml:18:5-79
	android:name
		ADDED from src\main\AndroidManifest.xml:18:22-76
uses-permission#android.permission.GET_TASKS
ADDED from src\main\AndroidManifest.xml:19:5-68
	android:name
		ADDED from src\main\AndroidManifest.xml:19:22-65
uses-permission#android.permission.ACCESS_WIFI_STATE
ADDED from src\main\AndroidManifest.xml:20:5-76
	android:name
		ADDED from src\main\AndroidManifest.xml:20:22-73
uses-permission#android.permission.CHANGE_WIFI_STATE
ADDED from src\main\AndroidManifest.xml:21:5-76
	android:name
		ADDED from src\main\AndroidManifest.xml:21:22-73
uses-permission#android.permission.WAKE_LOCK
ADDED from src\main\AndroidManifest.xml:22:5-68
	android:name
		ADDED from src\main\AndroidManifest.xml:22:22-65
uses-permission#android.permission.MODIFY_AUDIO_SETTINGS
ADDED from src\main\AndroidManifest.xml:23:5-80
	android:name
		ADDED from src\main\AndroidManifest.xml:23:22-77
uses-permission#android.permission.READ_PHONE_STATE
ADDED from src\main\AndroidManifest.xml:24:5-75
	android:name
		ADDED from src\main\AndroidManifest.xml:24:22-72
uses-permission#android.permission.RECEIVE_BOOT_COMPLETED
ADDED from src\main\AndroidManifest.xml:25:5-81
	android:name
		ADDED from src\main\AndroidManifest.xml:25:22-78
uses-permission#android.permission.GET_ACCOUNTS
ADDED from src\main\AndroidManifest.xml:26:5-71
	android:name
		ADDED from src\main\AndroidManifest.xml:26:22-68
uses-permission#android.permission.USE_CREDENTIALS
ADDED from src\main\AndroidManifest.xml:27:5-74
	android:name
		ADDED from src\main\AndroidManifest.xml:27:22-71
uses-permission#android.permission.MANAGE_ACCOUNTS
ADDED from src\main\AndroidManifest.xml:28:5-74
	android:name
		ADDED from src\main\AndroidManifest.xml:28:22-71
uses-permission#android.permission.AUTHENTICATE_ACCOUNTS
ADDED from src\main\AndroidManifest.xml:29:5-80
	android:name
		ADDED from src\main\AndroidManifest.xml:29:22-77
uses-permission#com.android.launcher.permission.READ_SETTINGS
ADDED from src\main\AndroidManifest.xml:30:5-85
	android:name
		ADDED from src\main\AndroidManifest.xml:30:22-82
uses-permission#android.permission.BROADCAST_STICKY
ADDED from src\main\AndroidManifest.xml:31:5-75
	android:name
		ADDED from src\main\AndroidManifest.xml:31:22-72
uses-permission#android.permission.WRITE_SETTINGS
ADDED from src\main\AndroidManifest.xml:32:5-73
	android:name
		ADDED from src\main\AndroidManifest.xml:32:22-70
uses-permission#com.google.android.c2dm.permission.RECEIVE
ADDED from src\main\AndroidManifest.xml:34:5-82
	android:name
		ADDED from src\main\AndroidManifest.xml:34:22-79
permission#com.easemob.chatuidemo.permission.C2D_MESSAGE
ADDED from src\main\AndroidManifest.xml:36:5-38:47
	android:protectionLevel
		ADDED from src\main\AndroidManifest.xml:38:9-44
	android:name
		ADDED from src\main\AndroidManifest.xml:37:9-69
uses-permission#com.easemob.chatuidemo.permission.C2D_MESSAGE
ADDED from src\main\AndroidManifest.xml:39:5-85
	android:name
		ADDED from src\main\AndroidManifest.xml:39:22-82
application
ADDED from src\main\AndroidManifest.xml:42:5-327:19
MERGED from [com.android.support:support-v4:20.0.0] AndroidManifest.xml:17:5-19
MERGED from [com.android.support:cardview-v7:23.0.1] AndroidManifest.xml:22:5-20
	android:label
		ADDED from src\main\AndroidManifest.xml:46:9-41
	android:allowBackup
		ADDED from src\main\AndroidManifest.xml:44:9-35
	android:icon
		ADDED from src\main\AndroidManifest.xml:45:9-45
	android:name
		ADDED from src\main\AndroidManifest.xml:43:9-56
activity#com.techscl.lovechat.activity.MainActivity
ADDED from src\main\AndroidManifest.xml:47:9-52:64
	android:windowSoftInputMode
		ADDED from src\main\AndroidManifest.xml:52:13-52
	android:screenOrientation
		ADDED from src\main\AndroidManifest.xml:50:13-49
	android:theme
		ADDED from src\main\AndroidManifest.xml:51:13-52
	android:name
		ADDED from src\main\AndroidManifest.xml:48:13-70
	android:launchMode
		ADDED from src\main\AndroidManifest.xml:49:13-44
activity#com.techscl.lovechat.activity.SplashActivity
ADDED from src\main\AndroidManifest.xml:55:9-64:20
	android:screenOrientation
		ADDED from src\main\AndroidManifest.xml:57:13-49
	android:theme
		ADDED from src\main\AndroidManifest.xml:58:13-52
	android:name
		ADDED from src\main\AndroidManifest.xml:56:13-72
intent-filter#android.intent.action.MAIN+android.intent.category.LAUNCHER
ADDED from src\main\AndroidManifest.xml:59:13-63:29
action#android.intent.action.MAIN
ADDED from src\main\AndroidManifest.xml:60:17-69
	android:name
		ADDED from src\main\AndroidManifest.xml:60:25-66
category#android.intent.category.LAUNCHER
ADDED from src\main\AndroidManifest.xml:62:17-77
	android:name
		ADDED from src\main\AndroidManifest.xml:62:27-74
activity#com.techscl.lovechat.activity.LoginActivity
ADDED from src\main\AndroidManifest.xml:67:9-71:80
	android:windowSoftInputMode
		ADDED from src\main\AndroidManifest.xml:71:13-68
	android:screenOrientation
		ADDED from src\main\AndroidManifest.xml:69:13-49
	android:theme
		ADDED from src\main\AndroidManifest.xml:70:13-52
	android:name
		ADDED from src\main\AndroidManifest.xml:68:13-71
activity#com.techscl.lovechat.activity.RegisterActivity
ADDED from src\main\AndroidManifest.xml:74:9-78:80
	android:windowSoftInputMode
		ADDED from src\main\AndroidManifest.xml:78:13-68
	android:screenOrientation
		ADDED from src\main\AndroidManifest.xml:76:13-49
	android:theme
		ADDED from src\main\AndroidManifest.xml:77:13-52
	android:name
		ADDED from src\main\AndroidManifest.xml:75:13-74
activity#com.techscl.lovechat.activity.ChatActivity
ADDED from src\main\AndroidManifest.xml:80:9-85:67
	android:windowSoftInputMode
		ADDED from src\main\AndroidManifest.xml:85:13-55
	android:screenOrientation
		ADDED from src\main\AndroidManifest.xml:83:13-49
	android:theme
		ADDED from src\main\AndroidManifest.xml:84:13-52
	android:name
		ADDED from src\main\AndroidManifest.xml:81:13-70
	android:launchMode
		ADDED from src\main\AndroidManifest.xml:82:13-43
activity#com.techscl.lovechat.activity.AddContactActivity
ADDED from src\main\AndroidManifest.xml:87:9-91:67
	android:windowSoftInputMode
		ADDED from src\main\AndroidManifest.xml:91:13-55
	android:screenOrientation
		ADDED from src\main\AndroidManifest.xml:89:13-49
	android:theme
		ADDED from src\main\AndroidManifest.xml:90:13-52
	android:name
		ADDED from src\main\AndroidManifest.xml:88:13-76
activity#com.techscl.lovechat.activity.GroupDetailsActivity
ADDED from src\main\AndroidManifest.xml:93:9-96:64
	android:screenOrientation
		ADDED from src\main\AndroidManifest.xml:95:13-49
	android:theme
		ADDED from src\main\AndroidManifest.xml:96:13-52
	android:name
		ADDED from src\main\AndroidManifest.xml:94:13-78
activity#com.techscl.lovechat.activity.GroupsActivity
ADDED from src\main\AndroidManifest.xml:98:9-102:64
	android:windowSoftInputMode
		ADDED from src\main\AndroidManifest.xml:102:13-52
	android:screenOrientation
		ADDED from src\main\AndroidManifest.xml:100:13-49
	android:theme
		ADDED from src\main\AndroidManifest.xml:101:13-52
	android:name
		ADDED from src\main\AndroidManifest.xml:99:13-72
activity#com.techscl.lovechat.activity.ChatRoomActivity
ADDED from src\main\AndroidManifest.xml:104:9-108:64
	android:windowSoftInputMode
		ADDED from src\main\AndroidManifest.xml:108:13-52
	android:screenOrientation
		ADDED from src\main\AndroidManifest.xml:106:13-49
	android:theme
		ADDED from src\main\AndroidManifest.xml:107:13-52
	android:name
		ADDED from src\main\AndroidManifest.xml:105:13-74
activity#com.techscl.lovechat.activity.ChatRoomDetailsActivity
ADDED from src\main\AndroidManifest.xml:110:9-113:64
	android:screenOrientation
		ADDED from src\main\AndroidManifest.xml:112:13-49
	android:theme
		ADDED from src\main\AndroidManifest.xml:113:13-52
	android:name
		ADDED from src\main\AndroidManifest.xml:111:13-81
activity#com.techscl.lovechat.activity.NewGroupActivity
ADDED from src\main\AndroidManifest.xml:116:9-120:64
	android:windowSoftInputMode
		ADDED from src\main\AndroidManifest.xml:120:13-52
	android:screenOrientation
		ADDED from src\main\AndroidManifest.xml:118:13-49
	android:theme
		ADDED from src\main\AndroidManifest.xml:119:13-52
	android:name
		ADDED from src\main\AndroidManifest.xml:117:13-74
activity#com.techscl.lovechat.activity.ExitGroupDialog
ADDED from src\main\AndroidManifest.xml:122:9-125:67
	android:screenOrientation
		ADDED from src\main\AndroidManifest.xml:124:13-49
	android:theme
		ADDED from src\main\AndroidManifest.xml:125:13-55
	android:name
		ADDED from src\main\AndroidManifest.xml:123:13-73
activity#com.techscl.lovechat.activity.GroupPickContactsActivity
ADDED from src\main\AndroidManifest.xml:127:9-131:64
	android:windowSoftInputMode
		ADDED from src\main\AndroidManifest.xml:131:13-52
	android:screenOrientation
		ADDED from src\main\AndroidManifest.xml:129:13-49
	android:theme
		ADDED from src\main\AndroidManifest.xml:130:13-52
	android:name
		ADDED from src\main\AndroidManifest.xml:128:13-83
activity#com.techscl.lovechat.activity.BaiduMapActivity
ADDED from src\main\AndroidManifest.xml:133:9-136:64
	android:screenOrientation
		ADDED from src\main\AndroidManifest.xml:135:13-49
	android:theme
		ADDED from src\main\AndroidManifest.xml:136:13-52
	android:name
		ADDED from src\main\AndroidManifest.xml:134:13-74
activity#com.techscl.lovechat.activity.NewFriendsMsgActivity
ADDED from src\main\AndroidManifest.xml:139:9-142:64
	android:screenOrientation
		ADDED from src\main\AndroidManifest.xml:141:13-49
	android:theme
		ADDED from src\main\AndroidManifest.xml:142:13-52
	android:name
		ADDED from src\main\AndroidManifest.xml:140:13-79
activity#com.techscl.lovechat.activity.ForwardMessageActivity
ADDED from src\main\AndroidManifest.xml:144:9-148:64
	android:windowSoftInputMode
		ADDED from src\main\AndroidManifest.xml:148:13-52
	android:screenOrientation
		ADDED from src\main\AndroidManifest.xml:146:13-49
	android:theme
		ADDED from src\main\AndroidManifest.xml:147:13-52
	android:name
		ADDED from src\main\AndroidManifest.xml:145:13-80
activity#com.techscl.lovechat.activity.ContextMenu
ADDED from src\main\AndroidManifest.xml:150:9-153:61
	android:screenOrientation
		ADDED from src\main\AndroidManifest.xml:152:13-49
	android:theme
		ADDED from src\main\AndroidManifest.xml:153:13-49
	android:name
		ADDED from src\main\AndroidManifest.xml:151:13-69
activity#com.techscl.lovechat.activity.AlertDialog
ADDED from src\main\AndroidManifest.xml:155:9-158:61
	android:screenOrientation
		ADDED from src\main\AndroidManifest.xml:157:13-49
	android:theme
		ADDED from src\main\AndroidManifest.xml:158:13-49
	android:name
		ADDED from src\main\AndroidManifest.xml:156:13-69
activity#com.techscl.lovechat.activity.ShowBigImage
ADDED from src\main\AndroidManifest.xml:160:9-163:64
	android:screenOrientation
		ADDED from src\main\AndroidManifest.xml:162:13-49
	android:theme
		ADDED from src\main\AndroidManifest.xml:163:13-52
	android:name
		ADDED from src\main\AndroidManifest.xml:161:13-70
activity#com.techscl.lovechat.activity.ShowNormalFileActivity
ADDED from src\main\AndroidManifest.xml:165:9-168:64
	android:screenOrientation
		ADDED from src\main\AndroidManifest.xml:167:13-49
	android:theme
		ADDED from src\main\AndroidManifest.xml:168:13-52
	android:name
		ADDED from src\main\AndroidManifest.xml:166:13-80
activity#com.techscl.lovechat.activity.BlacklistActivity
ADDED from src\main\AndroidManifest.xml:170:9-173:64
	android:screenOrientation
		ADDED from src\main\AndroidManifest.xml:172:13-49
	android:theme
		ADDED from src\main\AndroidManifest.xml:173:13-52
	android:name
		ADDED from src\main\AndroidManifest.xml:171:13-75
activity#com.techscl.lovechat.activity.PublicGroupsActivity
ADDED from src\main\AndroidManifest.xml:176:9-180:64
	android:windowSoftInputMode
		ADDED from src\main\AndroidManifest.xml:180:13-52
	android:screenOrientation
		ADDED from src\main\AndroidManifest.xml:178:13-49
	android:theme
		ADDED from src\main\AndroidManifest.xml:179:13-52
	android:name
		ADDED from src\main\AndroidManifest.xml:177:13-78
activity#com.techscl.lovechat.activity.PublicChatRoomsActivity
ADDED from src\main\AndroidManifest.xml:182:9-186:64
	android:windowSoftInputMode
		ADDED from src\main\AndroidManifest.xml:186:13-52
	android:screenOrientation
		ADDED from src\main\AndroidManifest.xml:184:13-49
	android:theme
		ADDED from src\main\AndroidManifest.xml:185:13-52
	android:name
		ADDED from src\main\AndroidManifest.xml:183:13-81
activity#com.techscl.lovechat.activity.VoiceCallActivity
ADDED from src\main\AndroidManifest.xml:189:9-193:60
	android:screenOrientation
		ADDED from src\main\AndroidManifest.xml:192:13-49
	android:theme
		ADDED from src\main\AndroidManifest.xml:193:13-48
	android:name
		ADDED from src\main\AndroidManifest.xml:190:13-75
	android:launchMode
		ADDED from src\main\AndroidManifest.xml:191:13-44
activity#com.techscl.lovechat.activity.VideoCallActivity
ADDED from src\main\AndroidManifest.xml:195:9-200:64
	android:screenOrientation
		ADDED from src\main\AndroidManifest.xml:199:13-49
	android:configChanges
		ADDED from src\main\AndroidManifest.xml:197:13-74
	android:theme
		ADDED from src\main\AndroidManifest.xml:200:13-52
	android:name
		ADDED from src\main\AndroidManifest.xml:196:13-75
	android:launchMode
		ADDED from src\main\AndroidManifest.xml:198:13-44
activity#com.techscl.lovechat.activity.GroupSimpleDetailActivity
ADDED from src\main\AndroidManifest.xml:202:9-205:64
	android:screenOrientation
		ADDED from src\main\AndroidManifest.xml:204:13-49
	android:theme
		ADDED from src\main\AndroidManifest.xml:205:13-52
	android:name
		ADDED from src\main\AndroidManifest.xml:203:13-83
activity#com.techscl.lovechat.activity.GroupBlacklistActivity
ADDED from src\main\AndroidManifest.xml:207:9-210:64
	android:screenOrientation
		ADDED from src\main\AndroidManifest.xml:209:13-49
	android:theme
		ADDED from src\main\AndroidManifest.xml:210:13-52
	android:name
		ADDED from src\main\AndroidManifest.xml:208:13-80
activity#com.techscl.lovechat.activity.PublicGroupsSeachActivity
ADDED from src\main\AndroidManifest.xml:211:9-214:64
	android:screenOrientation
		ADDED from src\main\AndroidManifest.xml:213:13-49
	android:theme
		ADDED from src\main\AndroidManifest.xml:214:13-52
	android:name
		ADDED from src\main\AndroidManifest.xml:212:13-83
activity#com.techscl.lovechat.activity.EditActivity
ADDED from src\main\AndroidManifest.xml:215:9-219:67
	android:windowSoftInputMode
		ADDED from src\main\AndroidManifest.xml:219:13-55
	android:screenOrientation
		ADDED from src\main\AndroidManifest.xml:217:13-49
	android:theme
		ADDED from src\main\AndroidManifest.xml:218:13-52
	android:name
		ADDED from src\main\AndroidManifest.xml:216:13-70
activity#com.techscl.lovechat.activity.ShowVideoActivity
ADDED from src\main\AndroidManifest.xml:220:9-224:72
	android:windowSoftInputMode
		ADDED from src\main\AndroidManifest.xml:224:13-60
	android:screenOrientation
		ADDED from src\main\AndroidManifest.xml:222:13-49
	android:theme
		ADDED from src\main\AndroidManifest.xml:223:13-52
	android:name
		ADDED from src\main\AndroidManifest.xml:221:13-75
activity#com.techscl.lovechat.activity.ImageGridActivity
ADDED from src\main\AndroidManifest.xml:226:9-230:72
	android:windowSoftInputMode
		ADDED from src\main\AndroidManifest.xml:230:13-60
	android:screenOrientation
		ADDED from src\main\AndroidManifest.xml:228:13-49
	android:theme
		ADDED from src\main\AndroidManifest.xml:229:13-52
	android:name
		ADDED from src\main\AndroidManifest.xml:227:13-75
activity#com.techscl.lovechat.activity.RecorderVideoActivity
ADDED from src\main\AndroidManifest.xml:231:9-235:72
	android:windowSoftInputMode
		ADDED from src\main\AndroidManifest.xml:235:13-60
	android:screenOrientation
		ADDED from src\main\AndroidManifest.xml:233:13-49
	android:theme
		ADDED from src\main\AndroidManifest.xml:234:13-52
	android:name
		ADDED from src\main\AndroidManifest.xml:232:13-79
activity#com.techscl.lovechat.activity.DiagnoseActivity
ADDED from src\main\AndroidManifest.xml:237:9-241:72
	android:windowSoftInputMode
		ADDED from src\main\AndroidManifest.xml:241:13-60
	android:screenOrientation
		ADDED from src\main\AndroidManifest.xml:239:13-49
	android:theme
		ADDED from src\main\AndroidManifest.xml:240:13-52
	android:name
		ADDED from src\main\AndroidManifest.xml:238:13-74
activity#com.techscl.lovechat.activity.OfflinePushNickActivity
ADDED from src\main\AndroidManifest.xml:244:9-248:72
	android:windowSoftInputMode
		ADDED from src\main\AndroidManifest.xml:248:13-60
	android:screenOrientation
		ADDED from src\main\AndroidManifest.xml:246:13-49
	android:theme
		ADDED from src\main\AndroidManifest.xml:247:13-52
	android:name
		ADDED from src\main\AndroidManifest.xml:245:13-81
activity#com.techscl.lovechat.activity.RobotsActivity
ADDED from src\main\AndroidManifest.xml:250:9-254:72
	android:windowSoftInputMode
		ADDED from src\main\AndroidManifest.xml:254:13-60
	android:screenOrientation
		ADDED from src\main\AndroidManifest.xml:252:13-49
	android:theme
		ADDED from src\main\AndroidManifest.xml:253:13-52
	android:name
		ADDED from src\main\AndroidManifest.xml:251:13-72
activity#com.techscl.lovechat.activity.UserProfileActivity
ADDED from src\main\AndroidManifest.xml:256:9-259:64
	android:screenOrientation
		ADDED from src\main\AndroidManifest.xml:258:13-49
	android:theme
		ADDED from src\main\AndroidManifest.xml:259:13-52
	android:name
		ADDED from src\main\AndroidManifest.xml:257:13-77
receiver#com.easemob.chat.StartServiceReceiver
ADDED from src\main\AndroidManifest.xml:262:9-269:20
	android:name
		ADDED from src\main\AndroidManifest.xml:262:19-71
intent-filter#android.intent.action.BOOT_COMPLETED+android.intent.action.QUICKBOOT_POWERON+android.intent.category.LAUNCHER
ADDED from src\main\AndroidManifest.xml:263:13-268:29
	android:priority
		ADDED from src\main\AndroidManifest.xml:263:28-51
action#android.intent.action.BOOT_COMPLETED
ADDED from src\main\AndroidManifest.xml:264:17-79
	android:name
		ADDED from src\main\AndroidManifest.xml:264:25-76
action#android.intent.action.QUICKBOOT_POWERON
ADDED from src\main\AndroidManifest.xml:265:17-82
	android:name
		ADDED from src\main\AndroidManifest.xml:265:25-79
receiver#com.easemob.chat.EMGCMBroadcastReceiver
ADDED from src\main\AndroidManifest.xml:272:9-280:20
	android:exported
		ADDED from src\main\AndroidManifest.xml:274:13-36
	android:permission
		ADDED from src\main\AndroidManifest.xml:275:13-73
	android:name
		ADDED from src\main\AndroidManifest.xml:273:13-67
intent-filter#com.easemob.chatuidemo+com.google.android.c2dm.intent.RECEIVE
ADDED from src\main\AndroidManifest.xml:276:13-279:29
action#com.google.android.c2dm.intent.RECEIVE
ADDED from src\main\AndroidManifest.xml:277:17-81
	android:name
		ADDED from src\main\AndroidManifest.xml:277:25-78
category#com.easemob.chatuidemo
ADDED from src\main\AndroidManifest.xml:278:17-67
	android:name
		ADDED from src\main\AndroidManifest.xml:278:27-64
service#com.easemob.chat.EMGCMListenerService
ADDED from src\main\AndroidManifest.xml:282:9-284:48
	android:exported
		ADDED from src\main\AndroidManifest.xml:284:13-37
	android:name
		ADDED from src\main\AndroidManifest.xml:283:13-65
receiver#com.techscl.lovechat.receiver.GCMPushBroadCast
ADDED from src\main\AndroidManifest.xml:286:9-293:20
	android:exported
		ADDED from src\main\AndroidManifest.xml:288:13-37
	android:name
		ADDED from src\main\AndroidManifest.xml:287:13-74
intent-filter#com.easemob.chatuidemo+com.easemob.sdk.push
ADDED from src\main\AndroidManifest.xml:289:13-292:29
action#com.easemob.sdk.push
ADDED from src\main\AndroidManifest.xml:290:17-63
	android:name
		ADDED from src\main\AndroidManifest.xml:290:25-60
meta-data#EASEMOB_APPKEY
ADDED from src\main\AndroidManifest.xml:297:9-299:48
	android:name
		ADDED from src\main\AndroidManifest.xml:298:13-42
	android:value
		ADDED from src\main\AndroidManifest.xml:299:13-45
service#com.easemob.chat.EMChatService
ADDED from src\main\AndroidManifest.xml:301:9-66
	android:name
		ADDED from src\main\AndroidManifest.xml:301:18-63
receiver#com.easemob.chat.EMMonitorReceiver
ADDED from src\main\AndroidManifest.xml:303:9-312:20
	android:name
		ADDED from src\main\AndroidManifest.xml:303:19-68
intent-filter#android.intent.action.PACKAGE_REMOVED
ADDED from src\main\AndroidManifest.xml:304:13-307:29
action#android.intent.action.PACKAGE_REMOVED
ADDED from src\main\AndroidManifest.xml:305:17-80
	android:name
		ADDED from src\main\AndroidManifest.xml:305:25-77
data
ADDED from src\main\AndroidManifest.xml:306:17-50
	android:scheme
		ADDED from src\main\AndroidManifest.xml:306:23-47
intent-filter#android.intent.action.BOOT_COMPLETED+android.intent.action.USER_PRESENT
ADDED from src\main\AndroidManifest.xml:308:13-311:29
action#android.intent.action.USER_PRESENT
ADDED from src\main\AndroidManifest.xml:310:17-77
	android:name
		ADDED from src\main\AndroidManifest.xml:310:25-74
service#com.baidu.location.f
ADDED from src\main\AndroidManifest.xml:315:9-318:41
	android:process
		ADDED from src\main\AndroidManifest.xml:318:13-38
	android:enabled
		ADDED from src\main\AndroidManifest.xml:317:13-35
	android:name
		ADDED from src\main\AndroidManifest.xml:316:13-48
meta-data#UMENG_APPKEY
ADDED from src\main\AndroidManifest.xml:320:9-322:66
	android:name
		ADDED from src\main\AndroidManifest.xml:321:13-40
	android:value
		ADDED from src\main\AndroidManifest.xml:322:13-53
meta-data#com.baidu.lbsapi.API_KEY
ADDED from src\main\AndroidManifest.xml:323:9-325:64
	android:name
		ADDED from src\main\AndroidManifest.xml:324:13-52
	android:value
		ADDED from src\main\AndroidManifest.xml:325:13-61